INFO:sim:172 - Generating IP...
Resolving generics for 'BRAM_1'...
Applying external generics to 'BRAM_1'...
Delivering associated files for 'BRAM_1'...
Delivering EJava files for 'BRAM_1'...
Generating implementation netlist for 'BRAM_1'...
INFO:sim - Pre-processing HDL files for 'BRAM_1'...
Running synthesis for 'BRAM_1'
Running ngcbuild...
Writing VHO instantiation template for 'BRAM_1'...
Writing VHDL behavioral simulation model for 'BRAM_1'...
WARNING:sim - Overwriting existing file
   C:/sam_work/testruns/Nexys4UserDemo_ISE_Project/ipcore_dir/tmp/_cg/BRAM_1/doc
   /blk_mem_gen_v7_3_vinfo.html with file from view xilinx_documentation
Delivered 1 file into directory
C:/sam_work/testruns/Nexys4UserDemo_ISE_Project/ipcore_dir/tmp/_cg/BRAM_1
Generating ASY schematic symbol...
INFO:sim:949 - Finished generation of ASY schematic symbol.
Generating SYM schematic symbol for 'BRAM_1'...
Generating metadata file...
Generating ISE project file for 'BRAM_1'...
Generating ISE project...
XCO file found: BRAM_1.xco
XMDF file found: BRAM_1_xmdf.tcl
Adding
C:/sam_work/testruns/Nexys4UserDemo_ISE_Project/ipcore_dir/tmp/_cg/BRAM_1.asy
-view all -origin_type imported
Adding
C:/sam_work/testruns/Nexys4UserDemo_ISE_Project/ipcore_dir/tmp/_cg/BRAM_1.ngc
-view all -origin_type created
Checking file
"C:/sam_work/testruns/Nexys4UserDemo_ISE_Project/ipcore_dir/tmp/_cg/BRAM_1.ngc"
for project device match ...
File
"C:/sam_work/testruns/Nexys4UserDemo_ISE_Project/ipcore_dir/tmp/_cg/BRAM_1.ngc"
device information matches project device.
Adding
C:/sam_work/testruns/Nexys4UserDemo_ISE_Project/ipcore_dir/tmp/_cg/BRAM_1.sym
-view all -origin_type imported
Adding
C:/sam_work/testruns/Nexys4UserDemo_ISE_Project/ipcore_dir/tmp/_cg/BRAM_1.vhd
-view all -origin_type created
INFO:HDLCompiler:1061 - Parsing VHDL file
   "C:/sam_work/testruns/Nexys4UserDemo_ISE_Project/ipcore_dir/tmp/_cg/BRAM_1.vh
   d" into library work
INFO:ProjectMgmt - Parsing design hierarchy completed successfully.
Adding
C:/sam_work/testruns/Nexys4UserDemo_ISE_Project/ipcore_dir/tmp/_cg/BRAM_1.vho
-view all -origin_type imported
INFO:TclTasksC:2116 - The automatic calculation of top has been turned-off.
   Please set the new top explicitly by running the "project set top" command.
   To re-calculate the new top automatically, set the "Auto Implementation Top"
   property to true.
Top level has been set to "/BRAM_1"
Generating README file...
Generating FLIST file...
INFO:sim:948 - Finished FLIST file generation.
Launching README viewer...
Moving files to output directory...
Finished moving files to output directory
Wrote CGP file for project 'BRAM_1'.
